# JRE version: OpenJDK Runtime Environment (14.0.1+7) (build 14.0.1+7)
# Java VM: OpenJDK 64-Bit Server VM (14.0.1+7, mixed mode, sharing, tiered, compressed oops, g1 gc, windows-amd64)
Heap:
 garbage-first heap   total 576512K, used 63765K [0x0000000701800000, 0x0000000800000000)
  region size 1024K, 10 young (10240K), 10 survivors (10240K)
 Metaspace       used 6012K, capacity 7786K, committed 7936K, reserved 1056768K
  class space    used 527K, capacity 765K, committed 768K, reserved 1048576K
GC Heap History (20 events):
Event: 6.758 GC heap after
{Heap after GC invocations=34 (full 0):
 garbage-first heap   total 378880K, used 34101K [0x0000000701800000, 0x0000000800000000)
  region size 1024K, 1 young (1024K), 1 survivors (1024K)
 Metaspace       used 5960K, capacity 7754K, committed 7936K, reserved 1056768K
  class space    used 526K, capacity 733K, committed 768K, reserved 1048576K
}
Event: 6.886 GC heap before
{Heap before GC invocations=34 (full 0):
 garbage-first heap   total 378880K, used 260405K [0x0000000701800000, 0x0000000800000000)
  region size 1024K, 222 young (227328K), 1 survivors (1024K)
 Metaspace       used 5960K, capacity 7754K, committed 7936K, reserved 1056768K
  class space    used 526K, capacity 733K, committed 768K, reserved 1048576K
}
Event: 6.888 GC heap after
{Heap after GC invocations=35 (full 0):
 garbage-first heap   total 378880K, used 34105K [0x0000000701800000, 0x0000000800000000)
  region size 1024K, 1 young (1024K), 1 survivors (1024K)
 Metaspace       used 5960K, capacity 7754K, committed 7936K, reserved 1056768K
  class space    used 526K, capacity 733K, committed 768K, reserved 1048576K
}
Event: 7.027 GC heap before
{Heap before GC invocations=35 (full 0):
 garbage-first heap   total 378880K, used 260409K [0x0000000701800000, 0x0000000800000000)
  region size 1024K, 222 young (227328K), 1 survivors (1024K)
 Metaspace       used 5961K, capacity 7754K, committed 7936K, reserved 1056768K
  class space    used 526K, capacity 733K, committed 768K, reserved 1048576K
}
Event: 7.029 GC heap after
{Heap after GC invocations=36 (full 0):
 garbage-first heap   total 378880K, used 34112K [0x0000000701800000, 0x0000000800000000)
  region size 1024K, 1 young (1024K), 1 survivors (1024K)
 Metaspace       used 5961K, capacity 7754K, committed 7936K, reserved 1056768K
  class space    used 526K, capacity 733K, committed 768K, reserved 1048576K
}
Event: 7.170 GC heap before
{Heap before GC invocations=36 (full 0):
 garbage-first heap   total 378880K, used 260416K [0x0000000701800000, 0x0000000800000000)
  region size 1024K, 222 young (227328K), 1 survivors (1024K)
 Metaspace       used 5962K, capacity 7754K, committed 7936K, reserved 1056768K
  class space    used 526K, capacity 733K, committed 768K, reserved 1048576K
}
Event: 7.171 GC heap after
{Heap after GC invocations=37 (full 0):
 garbage-first heap   total 378880K, used 34112K [0x0000000701800000, 0x0000000800000000)
  region size 1024K, 1 young (1024K), 1 survivors (1024K)
 Metaspace       used 5962K, capacity 7754K, committed 7936K, reserved 1056768K
  class space    used 526K, capacity 733K, committed 768K, reserved 1048576K
}
Event: 7.303 GC heap before
{Heap before GC invocations=37 (full 0):
 garbage-first heap   total 378880K, used 260416K [0x0000000701800000, 0x0000000800000000)
  region size 1024K, 222 young (227328K), 1 survivors (1024K)
 Metaspace       used 5962K, capacity 7754K, committed 7936K, reserved 1056768K
  class space    used 526K, capacity 733K, committed 768K, reserved 1048576K
}
Event: 7.305 GC heap after
{Heap after GC invocations=38 (full 0):
 garbage-first heap   total 378880K, used 34117K [0x0000000701800000, 0x0000000800000000)
  region size 1024K, 1 young (1024K), 1 survivors (1024K)
 Metaspace       used 5962K, capacity 7754K, committed 7936K, reserved 1056768K
  class space    used 526K, capacity 733K, committed 768K, reserved 1048576K
}
Event: 7.433 GC heap before
{Heap before GC invocations=38 (full 0):
 garbage-first heap   total 378880K, used 260421K [0x0000000701800000, 0x0000000800000000)
  region size 1024K, 222 young (227328K), 1 survivors (1024K)
 Metaspace       used 5962K, capacity 7754K, committed 7936K, reserved 1056768K
  class space    used 526K, capacity 733K, committed 768K, reserved 1048576K
}
Event: 7.434 GC heap after
{Heap after GC invocations=39 (full 0):
 garbage-first heap   total 378880K, used 34119K [0x0000000701800000, 0x0000000800000000)
  region size 1024K, 1 young (1024K), 1 survivors (1024K)
 Metaspace       used 5962K, capacity 7754K, committed 7936K, reserved 1056768K
  class space    used 526K, capacity 733K, committed 768K, reserved 1048576K
}
Event: 7.570 GC heap before
{Heap before GC invocations=39 (full 0):
 garbage-first heap   total 378880K, used 260423K [0x0000000701800000, 0x0000000800000000)
  region size 1024K, 222 young (227328K), 1 survivors (1024K)
 Metaspace       used 5962K, capacity 7754K, committed 7936K, reserved 1056768K
  class space    used 526K, capacity 733K, committed 768K, reserved 1048576K
}
Event: 7.572 GC heap after
{Heap after GC invocations=40 (full 0):
 garbage-first heap   total 378880K, used 34125K [0x0000000701800000, 0x0000000800000000)
  region size 1024K, 1 young (1024K), 1 survivors (1024K)
 Metaspace       used 5962K, capacity 7754K, committed 7936K, reserved 1056768K
  class space    used 526K, capacity 733K, committed 768K, reserved 1048576K
}
Event: 8.084 GC heap before
{Heap before GC invocations=40 (full 0):
 garbage-first heap   total 378880K, used 260429K [0x0000000701800000, 0x0000000800000000)
  region size 1024K, 222 young (227328K), 1 survivors (1024K)
 Metaspace       used 6009K, capacity 7786K, committed 7936K, reserved 1056768K
  class space    used 527K, capacity 765K, committed 768K, reserved 1048576K
}
Event: 8.095 GC heap after
{Heap after GC invocations=41 (full 0):
 garbage-first heap   total 378880K, used 53328K [0x0000000701800000, 0x0000000800000000)
  region size 1024K, 19 young (19456K), 19 survivors (19456K)
 Metaspace       used 6009K, capacity 7786K, committed 7936K, reserved 1056768K
  class space    used 527K, capacity 765K, committed 768K, reserved 1048576K
}
Event: 8.265 GC heap before
{Heap before GC invocations=41 (full 0):
 garbage-first heap   total 378880K, used 261200K [0x0000000701800000, 0x0000000800000000)
  region size 1024K, 222 young (227328K), 19 survivors (19456K)
 Metaspace       used 6012K, capacity 7786K, committed 7936K, reserved 1056768K
  class space    used 527K, capacity 765K, committed 768K, reserved 1048576K
}
Event: 8.285 GC heap after
{Heap after GC invocations=42 (full 0):
 garbage-first heap   total 378880K, used 64504K [0x0000000701800000, 0x0000000800000000)
  region size 1024K, 11 young (11264K), 11 survivors (11264K)
 Metaspace       used 6012K, capacity 7786K, committed 7936K, reserved 1056768K
  class space    used 527K, capacity 765K, committed 768K, reserved 1048576K
}
Event: 8.424 GC heap before
{Heap before GC invocations=42 (full 0):
 garbage-first heap   total 378880K, used 280568K [0x0000000701800000, 0x0000000800000000)
  region size 1024K, 222 young (227328K), 11 survivors (11264K)
 Metaspace       used 6012K, capacity 7786K, committed 7936K, reserved 1056768K
  class space    used 527K, capacity 765K, committed 768K, reserved 1048576K
}
Event: 8.431 GC heap after
{Heap after GC invocations=43 (full 0):
 garbage-first heap   total 378880K, used 64341K [0x0000000701800000, 0x0000000800000000)
  region size 1024K, 11 young (11264K), 11 survivors (11264K)
 Metaspace       used 6012K, capacity 7786K, committed 7936K, reserved 1056768K
  class space    used 527K, capacity 765K, committed 768K, reserved 1048576K
}
Event: 8.558 GC heap before
{Heap before GC invocations=43 (full 0):
 garbage-first heap   total 378880K, used 280405K [0x0000000701800000, 0x0000000800000000)
  region size 1024K, 222 young (227328K), 11 survivors (11264K)
 Metaspace       used 6012K, capacity 7786K, committed 7936K, reserved 1056768K
  class space    used 527K, capacity 765K, committed 768K, reserved 1048576K
}

